<?xml version="1.0" encoding="UTF-8"?>
<!-- Generated by org.testng.reporters.JUnitXMLReporter -->
<testsuite ignored="0" hostname="Danilos-MacBook-Air.local" failures="0" tests="2" name="Default test" time="12.278" errors="0" timestamp="16 Apr 2024 15:37:39 GMT">
  <testcase classname="com.automation.Day10_14th_Apr_2024_cssSelector.Topic1_Syntax_cssSelectors" name="loginUsingCSS" time="5.788"/>
  <testcase classname="com.automation.Day10_14th_Apr_2024_cssSelector.Topic1_Syntax_cssSelectors" name="registerUsingCss" time="6.482"/>
</testsuite> <!-- Default test -->
