<?xml version="1.0" encoding="UTF-8"?>
<testng-results ignored="0" total="2" passed="2" failed="0" skipped="0">
  <reporter-output>
  </reporter-output>
  <suite started-at="2024-04-16T15:37:27Z" name="Default suite" finished-at="2024-04-16T15:37:39Z" duration-ms="12278">
    <groups>
    </groups>
    <test started-at="2024-04-16T15:37:27Z" name="Default test" finished-at="2024-04-16T15:37:39Z" duration-ms="12278">
      <class name="com.automation.Day10_14th_Apr_2024_cssSelector.Topic1_Syntax_cssSelectors">
        <test-method signature="loginUsingCSS()[pri:0, instance:com.automation.Day10_14th_Apr_2024_cssSelector.Topic1_Syntax_cssSelectors@71e9ebae]" started-at="2024-04-16T11:37:27Z" name="loginUsingCSS" finished-at="2024-04-16T11:37:32Z" duration-ms="5788" status="PASS">
          <reporter-output>
          </reporter-output>
        </test-method> <!-- loginUsingCSS -->
        <test-method signature="registerUsingCss()[pri:0, instance:com.automation.Day10_14th_Apr_2024_cssSelector.Topic1_Syntax_cssSelectors@71e9ebae]" started-at="2024-04-16T11:37:32Z" name="registerUsingCss" finished-at="2024-04-16T11:37:39Z" duration-ms="6482" status="PASS">
          <reporter-output>
          </reporter-output>
        </test-method> <!-- registerUsingCss -->
      </class> <!-- com.automation.Day10_14th_Apr_2024_cssSelector.Topic1_Syntax_cssSelectors -->
    </test> <!-- Default test -->
  </suite> <!-- Default suite -->
</testng-results>
